<xml><appid><![CDATA[wx3d751ea7a2f7c064]]></appid>
<bank_type><![CDATA[CFT]]></bank_type>
<cash_fee><![CDATA[10]]></cash_fee>
<fee_type><![CDATA[CNY]]></fee_type>
<is_subscribe><![CDATA[N]]></is_subscribe>
<mch_id><![CDATA[1499304962]]></mch_id>
<nonce_str><![CDATA[fbb5b09647be720894c638c1b01a9eff]]></nonce_str>
<openid><![CDATA[ooz740RDMDQc6Qds21LmmgI6jz1g]]></openid>
<out_trade_no><![CDATA[20180927101959158213]]></out_trade_no>
<result_code><![CDATA[SUCCESS]]></result_code>
<return_code><![CDATA[SUCCESS]]></return_code>
<sign><![CDATA[BB5816DDCEC2D0FD50DA2E646B7DDBFE]]></sign>
<time_end><![CDATA[20180927102102]]></time_end>
<total_fee>10</total_fee>
<trade_type><![CDATA[NATIVE]]></trade_type>
<transaction_id><![CDATA[4200000162201809274693242131]]></transaction_id>
</xml>
<xml><appid><![CDATA[wx3d751ea7a2f7c064]]></appid>
<bank_type><![CDATA[CFT]]></bank_type>
<cash_fee><![CDATA[10]]></cash_fee>
<fee_type><![CDATA[CNY]]></fee_type>
<is_subscribe><![CDATA[N]]></is_subscribe>
<mch_id><![CDATA[1499304962]]></mch_id>
<nonce_str><![CDATA[fbb5b09647be720894c638c1b01a9eff]]></nonce_str>
<openid><![CDATA[ooz740RDMDQc6Qds21LmmgI6jz1g]]></openid>
<out_trade_no><![CDATA[20180927101959158213]]></out_trade_no>
<result_code><![CDATA[SUCCESS]]></result_code>
<return_code><![CDATA[SUCCESS]]></return_code>
<sign><![CDATA[BB5816DDCEC2D0FD50DA2E646B7DDBFE]]></sign>
<time_end><![CDATA[20180927102102]]></time_end>
<total_fee>10</total_fee>
<trade_type><![CDATA[NATIVE]]></trade_type>
<transaction_id><![CDATA[4200000162201809274693242131]]></transaction_id>
</xml>
<xml><appid><![CDATA[wx3d751ea7a2f7c064]]></appid>
<bank_type><![CDATA[CFT]]></bank_type>
<cash_fee><![CDATA[10]]></cash_fee>
<fee_type><![CDATA[CNY]]></fee_type>
<is_subscribe><![CDATA[N]]></is_subscribe>
<mch_id><![CDATA[1499304962]]></mch_id>
<nonce_str><![CDATA[fbb5b09647be720894c638c1b01a9eff]]></nonce_str>
<openid><![CDATA[ooz740RDMDQc6Qds21LmmgI6jz1g]]></openid>
<out_trade_no><![CDATA[20180927101959158213]]></out_trade_no>
<result_code><![CDATA[SUCCESS]]></result_code>
<return_code><![CDATA[SUCCESS]]></return_code>
<sign><![CDATA[BB5816DDCEC2D0FD50DA2E646B7DDBFE]]></sign>
<time_end><![CDATA[20180927102102]]></time_end>
<total_fee>10</total_fee>
<trade_type><![CDATA[NATIVE]]></trade_type>
<transaction_id><![CDATA[4200000162201809274693242131]]></transaction_id>
</xml>
<xml><appid><![CDATA[wx3d751ea7a2f7c064]]></appid>
<bank_type><![CDATA[CFT]]></bank_type>
<cash_fee><![CDATA[10]]></cash_fee>
<fee_type><![CDATA[CNY]]></fee_type>
<is_subscribe><![CDATA[N]]></is_subscribe>
<mch_id><![CDATA[1499304962]]></mch_id>
<nonce_str><![CDATA[fbb5b09647be720894c638c1b01a9eff]]></nonce_str>
<openid><![CDATA[ooz740RDMDQc6Qds21LmmgI6jz1g]]></openid>
<out_trade_no><![CDATA[20180927101959158213]]></out_trade_no>
<result_code><![CDATA[SUCCESS]]></result_code>
<return_code><![CDATA[SUCCESS]]></return_code>
<sign><![CDATA[BB5816DDCEC2D0FD50DA2E646B7DDBFE]]></sign>
<time_end><![CDATA[20180927102102]]></time_end>
<total_fee>10</total_fee>
<trade_type><![CDATA[NATIVE]]></trade_type>
<transaction_id><![CDATA[4200000162201809274693242131]]></transaction_id>
</xml>
