已开锁
<xml><ToUserName><![CDATA[owRHY1cti1oJT7ZfEgzXNbTyJPEo]]></ToUserName><FromUserName><![CDATA[gh_5d1c5cbe4dad]]></FromUserName><CreateTime>1538185097</CreateTime><MsgType><![CDATA[text]]></MsgType><Content><![CDATA[已开锁]]></Content></xml>

<xml><ToUserName><![CDATA[owRHY1Xan97Rfve7ZFCzpB1sHcV4]]></ToUserName><FromUserName><![CDATA[gh_5d1c5cbe4dad]]></FromUserName><CreateTime>1538185411</CreateTime><MsgType><![CDATA[text]]></MsgType><Content><![CDATA[]]></Content></xml>
单车正在使用中
<xml><ToUserName><![CDATA[owRHY1Xan97Rfve7ZFCzpB1sHcV4]]></ToUserName><FromUserName><![CDATA[gh_5d1c5cbe4dad]]></FromUserName><CreateTime>1538185528</CreateTime><MsgType><![CDATA[text]]></MsgType><Content><![CDATA[单车正在使用中]]></Content></xml>
已开锁
<xml><ToUserName><![CDATA[owRHY1cti1oJT7ZfEgzXNbTyJPEo]]></ToUserName><FromUserName><![CDATA[gh_5d1c5cbe4dad]]></FromUserName><CreateTime>1538186241</CreateTime><MsgType><![CDATA[text]]></MsgType><Content><![CDATA[已开锁]]></Content></xml>
单车正在使用中
<xml><ToUserName><![CDATA[owRHY1cti1oJT7ZfEgzXNbTyJPEo]]></ToUserName><FromUserName><![CDATA[gh_5d1c5cbe4dad]]></FromUserName><CreateTime>1538186348</CreateTime><MsgType><![CDATA[text]]></MsgType><Content><![CDATA[单车正在使用中]]></Content></xml>
已开锁
<xml><ToUserName><![CDATA[owRHY1cti1oJT7ZfEgzXNbTyJPEo]]></ToUserName><FromUserName><![CDATA[gh_5d1c5cbe4dad]]></FromUserName><CreateTime>1538186419</CreateTime><MsgType><![CDATA[text]]></MsgType><Content><![CDATA[已开锁]]></Content></xml>
已开锁
<xml><ToUserName><![CDATA[owRHY1cti1oJT7ZfEgzXNbTyJPEo]]></ToUserName><FromUserName><![CDATA[gh_5d1c5cbe4dad]]></FromUserName><CreateTime>1538186786</CreateTime><MsgType><![CDATA[text]]></MsgType><Content><![CDATA[已开锁]]></Content></xml>
已开锁
<xml><ToUserName><![CDATA[owRHY1cti1oJT7ZfEgzXNbTyJPEo]]></ToUserName><FromUserName><![CDATA[gh_5d1c5cbe4dad]]></FromUserName><CreateTime>1538186827</CreateTime><MsgType><![CDATA[text]]></MsgType><Content><![CDATA[已开锁]]></Content></xml>

<xml><ToUserName><![CDATA[owRHY1cti1oJT7ZfEgzXNbTyJPEo]]></ToUserName><FromUserName><![CDATA[gh_5d1c5cbe4dad]]></FromUserName><CreateTime>1538186926</CreateTime><MsgType><![CDATA[text]]></MsgType><Content><![CDATA[]]></Content></xml>

<xml><ToUserName><![CDATA[owRHY1cti1oJT7ZfEgzXNbTyJPEo]]></ToUserName><FromUserName><![CDATA[gh_5d1c5cbe4dad]]></FromUserName><CreateTime>1538187099</CreateTime><MsgType><![CDATA[text]]></MsgType><Content><![CDATA[]]></Content></xml>
http://pengqq.jebt.top/unlock?num=2&code=272462&openid=owRHY1cti1oJT7ZfEgzXNbTyJPEo

<xml><ToUserName><![CDATA[owRHY1cti1oJT7ZfEgzXNbTyJPEo]]></ToUserName><FromUserName><![CDATA[gh_5d1c5cbe4dad]]></FromUserName><CreateTime>1538187169</CreateTime><MsgType><![CDATA[text]]></MsgType><Content><![CDATA[]]></Content></xml>
http://pengqq.jebt.top/unlock?num=2&code=272462&openid=owRHY1cti1oJT7ZfEgzXNbTyJPEo

<xml><ToUserName><![CDATA[owRHY1cti1oJT7ZfEgzXNbTyJPEo]]></ToUserName><FromUserName><![CDATA[gh_5d1c5cbe4dad]]></FromUserName><CreateTime>1538187344</CreateTime><MsgType><![CDATA[text]]></MsgType><Content><![CDATA[]]></Content></xml>
http://pengqq.jebt.top/unlock?num=2&code=272462&openid=owRHY1cti1oJT7ZfEgzXNbTyJPEo
您正在使用其他车辆,请关锁后在扫
<xml><ToUserName><![CDATA[owRHY1cti1oJT7ZfEgzXNbTyJPEo]]></ToUserName><FromUserName><![CDATA[gh_5d1c5cbe4dad]]></FromUserName><CreateTime>1538187450</CreateTime><MsgType><![CDATA[text]]></MsgType><Content><![CDATA[您正在使用其他车辆,请关锁后在扫]]></Content></xml>
http://pengqq.jebt.top/unlock?num=0&code=112271&openid=owRHY1cti1oJT7ZfEgzXNbTyJPEo
已开锁
<xml><ToUserName><![CDATA[owRHY1cti1oJT7ZfEgzXNbTyJPEo]]></ToUserName><FromUserName><![CDATA[gh_5d1c5cbe4dad]]></FromUserName><CreateTime>1538187516</CreateTime><MsgType><![CDATA[text]]></MsgType><Content><![CDATA[已开锁]]></Content></xml>
http://pengqq.jebt.top/unlock?num=0&code=864598&openid=owRHY1cti1oJT7ZfEgzXNbTyJPEo

<xml><ToUserName><![CDATA[owRHY1cti1oJT7ZfEgzXNbTyJPEo]]></ToUserName><FromUserName><![CDATA[gh_5d1c5cbe4dad]]></FromUserName><CreateTime>1538187661</CreateTime><MsgType><![CDATA[text]]></MsgType><Content><![CDATA[]]></Content></xml>
http://pengqq.jebt.top/unlock?num=0&code=727137&openid=owRHY1cti1oJT7ZfEgzXNbTyJPEo

<xml><ToUserName><![CDATA[owRHY1cti1oJT7ZfEgzXNbTyJPEo]]></ToUserName><FromUserName><![CDATA[gh_5d1c5cbe4dad]]></FromUserName><CreateTime>1538187726</CreateTime><MsgType><![CDATA[text]]></MsgType><Content><![CDATA[]]></Content></xml>
http://pengqq.jebt.top/unlock?num=0&code=173204&openid=owRHY1cti1oJT7ZfEgzXNbTyJPEo

<xml><ToUserName><![CDATA[owRHY1cti1oJT7ZfEgzXNbTyJPEo]]></ToUserName><FromUserName><![CDATA[gh_5d1c5cbe4dad]]></FromUserName><CreateTime>1538187809</CreateTime><MsgType><![CDATA[text]]></MsgType><Content><![CDATA[]]></Content></xml>
http://pengqq.jebt.top/unlock?num=0&code=185030&openid=owRHY1cti1oJT7ZfEgzXNbTyJPEo
已开锁
<xml><ToUserName><![CDATA[owRHY1cti1oJT7ZfEgzXNbTyJPEo]]></ToUserName><FromUserName><![CDATA[gh_5d1c5cbe4dad]]></FromUserName><CreateTime>1538187844</CreateTime><MsgType><![CDATA[text]]></MsgType><Content><![CDATA[已开锁]]></Content></xml>
http://pengqq.jebt.top/unlock?num=0&code=383267&openid=owRHY1cti1oJT7ZfEgzXNbTyJPEo
已开锁
<xml><ToUserName><![CDATA[owRHY1cti1oJT7ZfEgzXNbTyJPEo]]></ToUserName><FromUserName><![CDATA[gh_5d1c5cbe4dad]]></FromUserName><CreateTime>1538188050</CreateTime><MsgType><![CDATA[text]]></MsgType><Content><![CDATA[已开锁]]></Content></xml>
