<xml><ToUserName><![CDATA[gh_5d1c5cbe4dad]]></ToUserName>
<FromUserName><![CDATA[owRHY1cti1oJT7ZfEgzXNbTyJPEo]]></FromUserName>
<CreateTime>1537884869</CreateTime>
<MsgType><![CDATA[event]]></MsgType>
<Event><![CDATA[VIEW]]></Event>
<EventKey><![CDATA[http://pengqq.jebt.top/hotspot-list]]></EventKey>
<MenuId>441580710</MenuId>
</xml>
{"ToUserName":"gh_5d1c5cbe4dad","FromUserName":"owRHY1cti1oJT7ZfEgzXNbTyJPEo","CreateTime":"1537884869","MsgType":"event","Event":"VIEW","EventKey":"http:\/\/pengqq.jebt.top\/hotspot-list","MenuId":"441580710"}
http://pengqq.jebt.top/hotspot-list?wx_openid=owRHY1cti1oJT7ZfEgzXNbTyJPEo&wx_name=weixin_40747
<xml><ToUserName><![CDATA[gh_5d1c5cbe4dad]]></ToUserName>
<FromUserName><![CDATA[owRHY1cti1oJT7ZfEgzXNbTyJPEo]]></FromUserName>
<CreateTime>1537886505</CreateTime>
<MsgType><![CDATA[event]]></MsgType>
<Event><![CDATA[VIEW]]></Event>
<EventKey><![CDATA[http://pengqq.jebt.top/hotspot-list]]></EventKey>
<MenuId>441580710</MenuId>
</xml>
{"ToUserName":"gh_5d1c5cbe4dad","FromUserName":"owRHY1cti1oJT7ZfEgzXNbTyJPEo","CreateTime":"1537886505","MsgType":"event","Event":"VIEW","EventKey":"http:\/\/pengqq.jebt.top\/hotspot-list","MenuId":"441580710"}
http://pengqq.jebt.top/hotspot-list?wx_openid=owRHY1cti1oJT7ZfEgzXNbTyJPEo&wx_name=weixin_26150
